Using pre-set license
Built from '2020.3/release' branch; Version is '2020.3.2f1 (8fd9074bf66c) revision 9427207'; Using compiler version '192528614'; Build Type 'Release'
OS: 'Windows 10 Pro; OS build 19042.867; Version 2009; 64bit' Language: 'en' Physical Memory: 16315 MB
BatchMode: 1, IsHumanControllingUs: 0, StartBugReporterOnCrash: 0, Is64bit: 1, IsPro: 0

 COMMAND LINE ARGUMENTS:
C:\Program Files\Unity\Hub\Editor\2020.3.2f1\Editor\Unity.exe
-adb2
-batchMode
-noUpm
-name
AssetImportWorker0
-projectPath
D:/Unity/Referencias/game-demo-unity/Prototype 4
-logFile
Logs/AssetImportWorker0.log
-srvPort
52681
Successfully changed project path to: D:/Unity/Referencias/game-demo-unity/Prototype 4
D:/Unity/Referencias/game-demo-unity/Prototype 4
Using Asset Import Pipeline V2.
Refreshing native plugins compatible for Editor in 25.36 ms, found 0 plugins.
Preloading 0 native plugins for Editor in 0.00 ms.
Initialize engine version: 2020.3.2f1 (8fd9074bf66c)
[Subsystems] Discovering subsystems at path C:/Program Files/Unity/Hub/Editor/2020.3.2f1/Editor/Data/Resources/UnitySubsystems
[Subsystems] Discovering subsystems at path D:/Unity/Referencias/game-demo-unity/Prototype 4/Assets
GfxDevice: creating device client; threaded=0
Direct3D:
    Version:  Direct3D 11.0 [level 11.1]
    Renderer: Radeon RX 580 Series (ID=0x67df)
    Vendor:   
    VRAM:     8171 MB
    Driver:   27.20.15003.1004
Initialize mono
Mono path[0] = 'C:/Program Files/Unity/Hub/Editor/2020.3.2f1/Editor/Data/Managed'
Mono path[1] = 'C:/Program Files/Unity/Hub/Editor/2020.3.2f1/Editor/Data/MonoBleedingEdge/lib/mono/unityjit'
Mono config path = 'C:/Program Files/Unity/Hub/Editor/2020.3.2f1/Editor/Data/MonoBleedingEdge/etc'
Using monoOptions --debugger-agent=transport=dt_socket,embedding=1,server=y,suspend=n,address=127.0.0.1:56352
Begin MonoManager ReloadAssembly
Registering precompiled unity dll's ...
Register platform support module: C:/Program Files/Unity/Hub/Editor/2020.3.2f1/Editor/Data/PlaybackEngines/WebGLSupport/UnityEditor.WebGL.Extensions.dll
Register platform support module: C:/Program Files/Unity/Hub/Editor/2020.3.2f1/Editor/Data/PlaybackEngines/WindowsStandaloneSupport/UnityEditor.WindowsStandalone.Extensions.dll
Registered in 0.002980 seconds.
Native extension for WindowsStandalone target not found
Native extension for WebGL target not found
Refreshing native plugins compatible for Editor in 24.23 ms, found 0 plugins.
Preloading 0 native plugins for Editor in 0.00 ms.
Invoked RoslynAnalysisRunner static constructor.
RoslynAnalysisRunner will not be running.
RoslynAnalysisRunner has terminated.
Mono: successfully reloaded assembly
- Completed reload, in  2.159 seconds
Platform modules already initialized, skipping
Registering precompiled user dll's ...
Registered in 0.000767 seconds.
Begin MonoManager ReloadAssembly
Native extension for WindowsStandalone target not found
Native extension for WebGL target not found
Refreshing native plugins compatible for Editor in 0.22 ms, found 0 plugins.
Preloading 0 native plugins for Editor in 0.00 ms.
Invoked RoslynAnalysisRunner static constructor.
RoslynAnalysisRunner will not be running.
RoslynAnalysisRunner has terminated.
Mono: successfully reloaded assembly
- Completed reload, in  0.865 seconds
Platform modules already initialized, skipping
========================================================================
Worker process is ready to serve import requests
Launched and connected shader compiler UnityShaderCompiler.exe after 0.04 seconds
Refreshing native plugins compatible for Editor in 0.23 ms, found 0 plugins.
Preloading 0 native plugins for Editor in 0.00 ms.
Unloading 1122 Unused Serialized files (Serialized files now loaded: 0)
System memory in use before: 57.1 MB.
System memory in use after: 57.1 MB.

Unloading 9 unused Assets to reduce memory usage. Loaded Objects now: 1565.
Total: 1.796400 ms (FindLiveObjects: 0.163900 ms CreateObjectMapping: 0.035500 ms MarkObjects: 1.529900 ms  DeleteObjects: 0.065800 ms)

========================================================================
Received Import Request.
  path: Assets/Scenes
  artifactKey: Guid(67057b6d891904d44890faf1a3bfa29d) Importer(815301076,1909f56bfc062723c751e8b465ee728b)
Start importing Assets/Scenes using Guid(67057b6d891904d44890faf1a3bfa29d) Importer(815301076,1909f56bfc062723c751e8b465ee728b)  -> (artifact id: '82aba9ae12e5fffe9a89b02018e8bf6d') in 0.010154 seconds
  Import took 0.012285 seconds .

========================================================================
Received Import Request.
  Time since last request: 0.000208 seconds.
  path: Assets/Scenes/Prototype 4.unity
  artifactKey: Guid(a4b96ad7a65484fd4a83cb97540eee50) Importer(815301076,1909f56bfc062723c751e8b465ee728b)
Start importing Assets/Scenes/Prototype 4.unity using Guid(a4b96ad7a65484fd4a83cb97540eee50) Importer(815301076,1909f56bfc062723c751e8b465ee728b)  -> (artifact id: '26d6d1e80101ca7d3700371fde5a7f37') in 0.012978 seconds
  Import took 0.014795 seconds .

========================================================================
Received Import Request.
  Time since last request: 61.914868 seconds.
  path: Assets/Course Library/_Source_Files/Materials/FX_Dust.mat
  artifactKey: Guid(cd97a4f0bfba00a46a4a29156f2a23bd) Importer(815301076,1909f56bfc062723c751e8b465ee728b)
Start importing Assets/Course Library/_Source_Files/Materials/FX_Dust.mat using Guid(cd97a4f0bfba00a46a4a29156f2a23bd) Importer(815301076,1909f56bfc062723c751e8b465ee728b)  -> (artifact id: '6ab290398f45f4813f079c78f66abdef') in 0.111998 seconds
  Import took 0.114063 seconds .

========================================================================
Received Prepare
Registering precompiled user dll's ...
Registered in 0.000830 seconds.
Begin MonoManager ReloadAssembly
Native extension for WindowsStandalone target not found
Native extension for WebGL target not found
Refreshing native plugins compatible for Editor in 0.22 ms, found 0 plugins.
Preloading 0 native plugins for Editor in 0.00 ms.
Invoked RoslynAnalysisRunner static constructor.
RoslynAnalysisRunner will not be running.
RoslynAnalysisRunner has terminated.
Mono: successfully reloaded assembly
- Completed reload, in  0.811 seconds
Platform modules already initialized, skipping
Refreshing native plugins compatible for Editor in 0.25 ms, found 0 plugins.
Preloading 0 native plugins for Editor in 0.00 ms.
Unloading 1116 Unused Serialized files (Serialized files now loaded: 0)
System memory in use before: 60.3 MB.
System memory in use after: 60.4 MB.

Unloading 5 unused Assets to reduce memory usage. Loaded Objects now: 1609.
Total: 2.016400 ms (FindLiveObjects: 0.263500 ms CreateObjectMapping: 0.038600 ms MarkObjects: 1.667100 ms  DeleteObjects: 0.045300 ms)

========================================================================
Received Import Request.
  Time since last request: 8726.181189 seconds.
  path: Assets/Prefabs/Enemy.prefab
  artifactKey: Guid(21421b21a487dc340b413fd1bfe3cf68) Importer(815301076,1909f56bfc062723c751e8b465ee728b)
Start importing Assets/Prefabs/Enemy.prefab using Guid(21421b21a487dc340b413fd1bfe3cf68) Importer(815301076,1909f56bfc062723c751e8b465ee728b)  -> (artifact id: '6b485e5702845be0df4799fd5985eb0a') in 0.192602 seconds
  Import took 0.227923 seconds .

========================================================================
Received Import Request.
  Time since last request: 0.000334 seconds.
  path: Assets/Prefabs/PowerUp.prefab
  artifactKey: Guid(55e9164016cfd6f47ac93302bcbaa8fd) Importer(815301076,1909f56bfc062723c751e8b465ee728b)
Start importing Assets/Prefabs/PowerUp.prefab using Guid(55e9164016cfd6f47ac93302bcbaa8fd) Importer(815301076,1909f56bfc062723c751e8b465ee728b)  -> (artifact id: 'e55e474be06f52db2e489b7068e30983') in 0.023557 seconds
  Import took 0.025810 seconds .

========================================================================
Received Import Request.
  Time since last request: 0.000327 seconds.
  path: Assets/Prefabs/Enemy.prefab
  artifactKey: Guid(21421b21a487dc340b413fd1bfe3cf68) Importer(815301076,1909f56bfc062723c751e8b465ee728b)
Start importing Assets/Prefabs/Enemy.prefab using Guid(21421b21a487dc340b413fd1bfe3cf68) Importer(815301076,1909f56bfc062723c751e8b465ee728b)  -> (artifact id: '6b485e5702845be0df4799fd5985eb0a') in 0.013544 seconds
  Import took 0.016075 seconds .

========================================================================
Received Import Request.
  Time since last request: 0.000252 seconds.
  path: Assets/Prefabs/PowerUp.prefab
  artifactKey: Guid(55e9164016cfd6f47ac93302bcbaa8fd) Importer(815301076,1909f56bfc062723c751e8b465ee728b)
Start importing Assets/Prefabs/PowerUp.prefab using Guid(55e9164016cfd6f47ac93302bcbaa8fd) Importer(815301076,1909f56bfc062723c751e8b465ee728b)  -> (artifact id: 'e55e474be06f52db2e489b7068e30983') in 0.012889 seconds
  Import took 0.015110 seconds .

AssetImportWorkerClient::OnTransportError - code=2 error=End of file
